=======
INDEXER
=======
   [echo] Indexing file E:\Home\Repository\Java\IdeaProjects\A2_Indexing\input\ap890101
   [echo] Indexing file E:\Home\Repository\Java\IdeaProjects\A2_Indexing\input\ap890102
   [echo] Indexing file E:\Home\Repository\Java\IdeaProjects\A2_Indexing\input\ap890103
   [echo] Indexing file E:\Home\Repository\Java\IdeaProjects\A2_Indexing\input\ap890104
   [echo] Indexing file E:\Home\Repository\Java\IdeaProjects\A2_Indexing\input\ap890105
   [echo] Executing batch write to the file system with index 1

   [echo] Indexing file E:\Home\Repository\Java\IdeaProjects\A2_Indexing\input\ap890106
   [echo] Indexing file E:\Home\Repository\Java\IdeaProjects\A2_Indexing\input\ap890107
   [echo] Indexing file E:\Home\Repository\Java\IdeaProjects\A2_Indexing\input\ap890108
   [echo] Indexing file E:\Home\Repository\Java\IdeaProjects\A2_Indexing\input\ap890109
   [echo] Indexing file E:\Home\Repository\Java\IdeaProjects\A2_Indexing\input\ap890110
   [echo] Executing batch write to the file system with index 2

   [echo] Indexing file E:\Home\Repository\Java\IdeaProjects\A2_Indexing\input\ap890111
   [echo] Indexing file E:\Home\Repository\Java\IdeaProjects\A2_Indexing\input\ap890112
   [echo] Indexing file E:\Home\Repository\Java\IdeaProjects\A2_Indexing\input\ap890113
   [echo] Executing batch write to the file system with index 3

   [echo] Indexing file E:\Home\Repository\Java\IdeaProjects\A2_Indexing\input\ap890114
   [echo] Indexing file E:\Home\Repository\Java\IdeaProjects\A2_Indexing\input\ap890115
   [echo] Indexing file E:\Home\Repository\Java\IdeaProjects\A2_Indexing\input\ap890116
   [echo] Indexing file E:\Home\Repository\Java\IdeaProjects\A2_Indexing\input\ap890117
   [echo] Indexing file E:\Home\Repository\Java\IdeaProjects\A2_Indexing\input\ap890118
   [echo] Executing batch write to the file system with index 4

   [echo] Indexing file E:\Home\Repository\Java\IdeaProjects\A2_Indexing\input\ap890119
   [echo] Indexing file E:\Home\Repository\Java\IdeaProjects\A2_Indexing\input\ap890120
   [echo] Indexing file E:\Home\Repository\Java\IdeaProjects\A2_Indexing\input\ap890121
   [echo] Indexing file E:\Home\Repository\Java\IdeaProjects\A2_Indexing\input\ap890122
   [echo] Executing batch write to the file system with index 5

   [echo] Indexing file E:\Home\Repository\Java\IdeaProjects\A2_Indexing\input\ap890123
   [echo] Indexing file E:\Home\Repository\Java\IdeaProjects\A2_Indexing\input\ap890124
   [echo] Indexing file E:\Home\Repository\Java\IdeaProjects\A2_Indexing\input\ap890125
   [echo] Executing batch write to the file system with index 6

   [echo] Indexing file E:\Home\Repository\Java\IdeaProjects\A2_Indexing\input\ap890126
   [echo] Indexing file E:\Home\Repository\Java\IdeaProjects\A2_Indexing\input\ap890127
   [echo] Indexing file E:\Home\Repository\Java\IdeaProjects\A2_Indexing\input\ap890128
   [echo] Indexing file E:\Home\Repository\Java\IdeaProjects\A2_Indexing\input\ap890129
   [echo] Indexing file E:\Home\Repository\Java\IdeaProjects\A2_Indexing\input\ap890130
   [echo] Executing batch write to the file system with index 7

   [echo] Indexing file E:\Home\Repository\Java\IdeaProjects\A2_Indexing\input\ap890131
   [echo] Indexing file E:\Home\Repository\Java\IdeaProjects\A2_Indexing\input\ap890201
   [echo] Indexing file E:\Home\Repository\Java\IdeaProjects\A2_Indexing\input\ap890202
   [echo] Executing batch write to the file system with index 8

   [echo] Indexing file E:\Home\Repository\Java\IdeaProjects\A2_Indexing\input\ap890203
   [echo] Indexing file E:\Home\Repository\Java\IdeaProjects\A2_Indexing\input\ap890204
   [echo] Indexing file E:\Home\Repository\Java\IdeaProjects\A2_Indexing\input\ap890205
   [echo] Indexing file E:\Home\Repository\Java\IdeaProjects\A2_Indexing\input\ap890206
   [echo] Indexing file E:\Home\Repository\Java\IdeaProjects\A2_Indexing\input\ap890207
   [echo] Executing batch write to the file system with index 9

   [echo] Indexing file E:\Home\Repository\Java\IdeaProjects\A2_Indexing\input\ap890208
   [echo] Indexing file E:\Home\Repository\Java\IdeaProjects\A2_Indexing\input\ap890209
   [echo] Indexing file E:\Home\Repository\Java\IdeaProjects\A2_Indexing\input\ap890210
   [echo] Executing batch write to the file system with index 10

   [echo] Indexing file E:\Home\Repository\Java\IdeaProjects\A2_Indexing\input\ap890211
   [echo] Indexing file E:\Home\Repository\Java\IdeaProjects\A2_Indexing\input\ap890212
   [echo] Indexing file E:\Home\Repository\Java\IdeaProjects\A2_Indexing\input\ap890213
   [echo] Indexing file E:\Home\Repository\Java\IdeaProjects\A2_Indexing\input\ap890214
   [echo] Indexing file E:\Home\Repository\Java\IdeaProjects\A2_Indexing\input\ap890215
   [echo] Executing batch write to the file system with index 11

   [echo] Indexing file E:\Home\Repository\Java\IdeaProjects\A2_Indexing\input\ap890216
   [echo] Indexing file E:\Home\Repository\Java\IdeaProjects\A2_Indexing\input\ap890217
   [echo] Indexing file E:\Home\Repository\Java\IdeaProjects\A2_Indexing\input\ap890218
   [echo] Indexing file E:\Home\Repository\Java\IdeaProjects\A2_Indexing\input\ap890219
   [echo] Indexing file E:\Home\Repository\Java\IdeaProjects\A2_Indexing\input\ap890220
   [echo] Executing batch write to the file system with index 12

   [echo] Indexing file E:\Home\Repository\Java\IdeaProjects\A2_Indexing\input\ap890221
   [echo] Indexing file E:\Home\Repository\Java\IdeaProjects\A2_Indexing\input\ap890222
   [echo] Indexing file E:\Home\Repository\Java\IdeaProjects\A2_Indexing\input\ap890223
   [echo] Indexing file E:\Home\Repository\Java\IdeaProjects\A2_Indexing\input\ap890224
   [echo] Executing batch write to the file system with index 13

   [echo] Indexing file E:\Home\Repository\Java\IdeaProjects\A2_Indexing\input\ap890225
   [echo] Indexing file E:\Home\Repository\Java\IdeaProjects\A2_Indexing\input\ap890226
   [echo] Indexing file E:\Home\Repository\Java\IdeaProjects\A2_Indexing\input\ap890227
   [echo] Indexing file E:\Home\Repository\Java\IdeaProjects\A2_Indexing\input\ap890228
   [echo] Executing batch write to the file system with index 14

   [echo] Indexing file E:\Home\Repository\Java\IdeaProjects\A2_Indexing\input\ap890301
   [echo] Indexing file E:\Home\Repository\Java\IdeaProjects\A2_Indexing\input\ap890302
   [echo] Indexing file E:\Home\Repository\Java\IdeaProjects\A2_Indexing\input\ap890303
   [echo] Indexing file E:\Home\Repository\Java\IdeaProjects\A2_Indexing\input\ap890304
   [echo] Executing batch write to the file system with index 15

   [echo] Indexing file E:\Home\Repository\Java\IdeaProjects\A2_Indexing\input\ap890305
   [echo] Indexing file E:\Home\Repository\Java\IdeaProjects\A2_Indexing\input\ap890306
   [echo] Indexing file E:\Home\Repository\Java\IdeaProjects\A2_Indexing\input\ap890307
   [echo] Indexing file E:\Home\Repository\Java\IdeaProjects\A2_Indexing\input\ap890308
   [echo] Executing batch write to the file system with index 16

   [echo] Indexing file E:\Home\Repository\Java\IdeaProjects\A2_Indexing\input\ap890309
   [echo] Indexing file E:\Home\Repository\Java\IdeaProjects\A2_Indexing\input\ap890310
   [echo] Indexing file E:\Home\Repository\Java\IdeaProjects\A2_Indexing\input\ap890311
   [echo] Indexing file E:\Home\Repository\Java\IdeaProjects\A2_Indexing\input\ap890312
   [echo] Executing batch write to the file system with index 17

   [echo] Indexing file E:\Home\Repository\Java\IdeaProjects\A2_Indexing\input\ap890313
   [echo] Indexing file E:\Home\Repository\Java\IdeaProjects\A2_Indexing\input\ap890314
   [echo] Indexing file E:\Home\Repository\Java\IdeaProjects\A2_Indexing\input\ap890315
   [echo] Indexing file E:\Home\Repository\Java\IdeaProjects\A2_Indexing\input\ap890316
   [echo] Executing batch write to the file system with index 18

   [echo] Indexing file E:\Home\Repository\Java\IdeaProjects\A2_Indexing\input\ap890317
   [echo] Indexing file E:\Home\Repository\Java\IdeaProjects\A2_Indexing\input\ap890318
   [echo] Indexing file E:\Home\Repository\Java\IdeaProjects\A2_Indexing\input\ap890319
   [echo] Indexing file E:\Home\Repository\Java\IdeaProjects\A2_Indexing\input\ap890320
   [echo] Executing batch write to the file system with index 19

   [echo] Indexing file E:\Home\Repository\Java\IdeaProjects\A2_Indexing\input\ap890321
   [echo] Indexing file E:\Home\Repository\Java\IdeaProjects\A2_Indexing\input\ap890322
   [echo] Indexing file E:\Home\Repository\Java\IdeaProjects\A2_Indexing\input\ap890323
   [echo] Indexing file E:\Home\Repository\Java\IdeaProjects\A2_Indexing\input\ap890324
   [echo] Indexing file E:\Home\Repository\Java\IdeaProjects\A2_Indexing\input\ap890325
   [echo] Executing batch write to the file system with index 20

   [echo] Indexing file E:\Home\Repository\Java\IdeaProjects\A2_Indexing\input\ap890326
   [echo] Indexing file E:\Home\Repository\Java\IdeaProjects\A2_Indexing\input\ap890327
   [echo] Indexing file E:\Home\Repository\Java\IdeaProjects\A2_Indexing\input\ap890328
   [echo] Indexing file E:\Home\Repository\Java\IdeaProjects\A2_Indexing\input\ap890329
   [echo] Indexing file E:\Home\Repository\Java\IdeaProjects\A2_Indexing\input\ap890330
   [echo] Executing batch write to the file system with index 21

   [echo] Indexing file E:\Home\Repository\Java\IdeaProjects\A2_Indexing\input\ap890401
   [echo] Indexing file E:\Home\Repository\Java\IdeaProjects\A2_Indexing\input\ap890402
   [echo] Indexing file E:\Home\Repository\Java\IdeaProjects\A2_Indexing\input\ap890403
   [echo] Indexing file E:\Home\Repository\Java\IdeaProjects\A2_Indexing\input\ap890404
   [echo] Indexing file E:\Home\Repository\Java\IdeaProjects\A2_Indexing\input\ap890405
   [echo] Executing batch write to the file system with index 22

   [echo] Indexing file E:\Home\Repository\Java\IdeaProjects\A2_Indexing\input\ap890406
   [echo] Indexing file E:\Home\Repository\Java\IdeaProjects\A2_Indexing\input\ap890407
   [echo] Indexing file E:\Home\Repository\Java\IdeaProjects\A2_Indexing\input\ap890408
   [echo] Indexing file E:\Home\Repository\Java\IdeaProjects\A2_Indexing\input\ap890409
   [echo] Indexing file E:\Home\Repository\Java\IdeaProjects\A2_Indexing\input\ap890410
   [echo] Executing batch write to the file system with index 23

   [echo] Indexing file E:\Home\Repository\Java\IdeaProjects\A2_Indexing\input\ap890411
   [echo] Indexing file E:\Home\Repository\Java\IdeaProjects\A2_Indexing\input\ap890412
   [echo] Indexing file E:\Home\Repository\Java\IdeaProjects\A2_Indexing\input\ap890413
   [echo] Indexing file E:\Home\Repository\Java\IdeaProjects\A2_Indexing\input\ap890414
   [echo] Executing batch write to the file system with index 24

   [echo] Indexing file E:\Home\Repository\Java\IdeaProjects\A2_Indexing\input\ap890415
   [echo] Indexing file E:\Home\Repository\Java\IdeaProjects\A2_Indexing\input\ap890416
   [echo] Indexing file E:\Home\Repository\Java\IdeaProjects\A2_Indexing\input\ap890417
   [echo] Indexing file E:\Home\Repository\Java\IdeaProjects\A2_Indexing\input\ap890418
   [echo] Executing batch write to the file system with index 25

   [echo] Indexing file E:\Home\Repository\Java\IdeaProjects\A2_Indexing\input\ap890419
   [echo] Indexing file E:\Home\Repository\Java\IdeaProjects\A2_Indexing\input\ap890420
   [echo] Indexing file E:\Home\Repository\Java\IdeaProjects\A2_Indexing\input\ap890421
   [echo] Indexing file E:\Home\Repository\Java\IdeaProjects\A2_Indexing\input\ap890422
   [echo] Executing batch write to the file system with index 26

   [echo] Indexing file E:\Home\Repository\Java\IdeaProjects\A2_Indexing\input\ap890423
   [echo] Indexing file E:\Home\Repository\Java\IdeaProjects\A2_Indexing\input\ap890424
   [echo] Indexing file E:\Home\Repository\Java\IdeaProjects\A2_Indexing\input\ap890425
   [echo] Indexing file E:\Home\Repository\Java\IdeaProjects\A2_Indexing\input\ap890426
   [echo] Executing batch write to the file system with index 27

   [echo] Indexing file E:\Home\Repository\Java\IdeaProjects\A2_Indexing\input\ap890427
   [echo] Indexing file E:\Home\Repository\Java\IdeaProjects\A2_Indexing\input\ap890428
   [echo] Indexing file E:\Home\Repository\Java\IdeaProjects\A2_Indexing\input\ap890429
   [echo] Indexing file E:\Home\Repository\Java\IdeaProjects\A2_Indexing\input\ap890430
   [echo] Indexing file E:\Home\Repository\Java\IdeaProjects\A2_Indexing\input\ap890501
   [echo] Executing batch write to the file system with index 28

   [echo] Indexing file E:\Home\Repository\Java\IdeaProjects\A2_Indexing\input\ap890502
   [echo] Indexing file E:\Home\Repository\Java\IdeaProjects\A2_Indexing\input\ap890503
   [echo] Indexing file E:\Home\Repository\Java\IdeaProjects\A2_Indexing\input\ap890504
   [echo] Executing batch write to the file system with index 29

   [echo] Indexing file E:\Home\Repository\Java\IdeaProjects\A2_Indexing\input\ap890505
   [echo] Indexing file E:\Home\Repository\Java\IdeaProjects\A2_Indexing\input\ap890506
   [echo] Indexing file E:\Home\Repository\Java\IdeaProjects\A2_Indexing\input\ap890507
   [echo] Indexing file E:\Home\Repository\Java\IdeaProjects\A2_Indexing\input\ap890508
   [echo] Executing batch write to the file system with index 30

   [echo] Indexing file E:\Home\Repository\Java\IdeaProjects\A2_Indexing\input\ap890509
   [echo] Indexing file E:\Home\Repository\Java\IdeaProjects\A2_Indexing\input\ap890510
   [echo] Indexing file E:\Home\Repository\Java\IdeaProjects\A2_Indexing\input\ap890511
   [echo] Indexing file E:\Home\Repository\Java\IdeaProjects\A2_Indexing\input\ap890512
   [echo] Executing batch write to the file system with index 31

   [echo] Indexing file E:\Home\Repository\Java\IdeaProjects\A2_Indexing\input\ap890513
   [echo] Indexing file E:\Home\Repository\Java\IdeaProjects\A2_Indexing\input\ap890514
   [echo] Indexing file E:\Home\Repository\Java\IdeaProjects\A2_Indexing\input\ap890515
   [echo] Indexing file E:\Home\Repository\Java\IdeaProjects\A2_Indexing\input\ap890516
   [echo] Executing batch write to the file system with index 32

   [echo] Indexing file E:\Home\Repository\Java\IdeaProjects\A2_Indexing\input\ap890517
   [echo] Indexing file E:\Home\Repository\Java\IdeaProjects\A2_Indexing\input\ap890518
   [echo] Indexing file E:\Home\Repository\Java\IdeaProjects\A2_Indexing\input\ap890519
   [echo] Indexing file E:\Home\Repository\Java\IdeaProjects\A2_Indexing\input\ap890520
   [echo] Indexing file E:\Home\Repository\Java\IdeaProjects\A2_Indexing\input\ap890521
   [echo] Executing batch write to the file system with index 33

   [echo] Indexing file E:\Home\Repository\Java\IdeaProjects\A2_Indexing\input\ap890522
   [echo] Indexing file E:\Home\Repository\Java\IdeaProjects\A2_Indexing\input\ap890523
   [echo] Indexing file E:\Home\Repository\Java\IdeaProjects\A2_Indexing\input\ap890524
   [echo] Executing batch write to the file system with index 34

   [echo] Indexing file E:\Home\Repository\Java\IdeaProjects\A2_Indexing\input\ap890525
   [echo] Indexing file E:\Home\Repository\Java\IdeaProjects\A2_Indexing\input\ap890526
   [echo] Indexing file E:\Home\Repository\Java\IdeaProjects\A2_Indexing\input\ap890527
   [echo] Indexing file E:\Home\Repository\Java\IdeaProjects\A2_Indexing\input\ap890528
   [echo] Indexing file E:\Home\Repository\Java\IdeaProjects\A2_Indexing\input\ap890529
   [echo] Indexing file E:\Home\Repository\Java\IdeaProjects\A2_Indexing\input\ap890530
   [echo] Executing batch write to the file system with index 35

   [echo] Indexing file E:\Home\Repository\Java\IdeaProjects\A2_Indexing\input\ap890531
   [echo] Indexing file E:\Home\Repository\Java\IdeaProjects\A2_Indexing\input\ap890601
   [echo] Indexing file E:\Home\Repository\Java\IdeaProjects\A2_Indexing\input\ap890602
   [echo] Executing batch write to the file system with index 36

   [echo] Indexing file E:\Home\Repository\Java\IdeaProjects\A2_Indexing\input\ap890603
   [echo] Indexing file E:\Home\Repository\Java\IdeaProjects\A2_Indexing\input\ap890604
   [echo] Indexing file E:\Home\Repository\Java\IdeaProjects\A2_Indexing\input\ap890605
   [echo] Indexing file E:\Home\Repository\Java\IdeaProjects\A2_Indexing\input\ap890606
   [echo] Indexing file E:\Home\Repository\Java\IdeaProjects\A2_Indexing\input\ap890607
   [echo] Executing batch write to the file system with index 37

   [echo] Indexing file E:\Home\Repository\Java\IdeaProjects\A2_Indexing\input\ap890608
   [echo] Indexing file E:\Home\Repository\Java\IdeaProjects\A2_Indexing\input\ap890609
   [echo] Indexing file E:\Home\Repository\Java\IdeaProjects\A2_Indexing\input\ap890610
   [echo] Indexing file E:\Home\Repository\Java\IdeaProjects\A2_Indexing\input\ap890611
   [echo] Indexing file E:\Home\Repository\Java\IdeaProjects\A2_Indexing\input\ap890612
   [echo] Executing batch write to the file system with index 38

   [echo] Indexing file E:\Home\Repository\Java\IdeaProjects\A2_Indexing\input\ap890613
   [echo] Indexing file E:\Home\Repository\Java\IdeaProjects\A2_Indexing\input\ap890614
   [echo] Indexing file E:\Home\Repository\Java\IdeaProjects\A2_Indexing\input\ap890615
   [echo] Executing batch write to the file system with index 39

   [echo] Indexing file E:\Home\Repository\Java\IdeaProjects\A2_Indexing\input\ap890616
   [echo] Indexing file E:\Home\Repository\Java\IdeaProjects\A2_Indexing\input\ap890617
   [echo] Indexing file E:\Home\Repository\Java\IdeaProjects\A2_Indexing\input\ap890618
   [echo] Indexing file E:\Home\Repository\Java\IdeaProjects\A2_Indexing\input\ap890619
   [echo] Indexing file E:\Home\Repository\Java\IdeaProjects\A2_Indexing\input\ap890620
   [echo] Executing batch write to the file system with index 40

   [echo] Indexing file E:\Home\Repository\Java\IdeaProjects\A2_Indexing\input\ap890621
   [echo] Indexing file E:\Home\Repository\Java\IdeaProjects\A2_Indexing\input\ap890622
   [echo] Indexing file E:\Home\Repository\Java\IdeaProjects\A2_Indexing\input\ap890623
   [echo] Executing batch write to the file system with index 41

   [echo] Indexing file E:\Home\Repository\Java\IdeaProjects\A2_Indexing\input\ap890624
   [echo] Indexing file E:\Home\Repository\Java\IdeaProjects\A2_Indexing\input\ap890625
   [echo] Indexing file E:\Home\Repository\Java\IdeaProjects\A2_Indexing\input\ap890626
   [echo] Indexing file E:\Home\Repository\Java\IdeaProjects\A2_Indexing\input\ap890627
   [echo] Indexing file E:\Home\Repository\Java\IdeaProjects\A2_Indexing\input\ap890628
   [echo] Executing batch write to the file system with index 42

   [echo] Indexing file E:\Home\Repository\Java\IdeaProjects\A2_Indexing\input\ap890629
   [echo] Indexing file E:\Home\Repository\Java\IdeaProjects\A2_Indexing\input\ap890630
   [echo] Indexing file E:\Home\Repository\Java\IdeaProjects\A2_Indexing\input\ap890701
   [echo] Indexing file E:\Home\Repository\Java\IdeaProjects\A2_Indexing\input\ap890702
   [echo] Indexing file E:\Home\Repository\Java\IdeaProjects\A2_Indexing\input\ap890703
   [echo] Executing batch write to the file system with index 43

   [echo] Indexing file E:\Home\Repository\Java\IdeaProjects\A2_Indexing\input\ap890704
   [echo] Indexing file E:\Home\Repository\Java\IdeaProjects\A2_Indexing\input\ap890705
   [echo] Indexing file E:\Home\Repository\Java\IdeaProjects\A2_Indexing\input\ap890706
   [echo] Indexing file E:\Home\Repository\Java\IdeaProjects\A2_Indexing\input\ap890707
   [echo] Executing batch write to the file system with index 44

   [echo] Indexing file E:\Home\Repository\Java\IdeaProjects\A2_Indexing\input\ap890708
   [echo] Indexing file E:\Home\Repository\Java\IdeaProjects\A2_Indexing\input\ap890709
   [echo] Indexing file E:\Home\Repository\Java\IdeaProjects\A2_Indexing\input\ap890710
   [echo] Indexing file E:\Home\Repository\Java\IdeaProjects\A2_Indexing\input\ap890711
   [echo] Indexing file E:\Home\Repository\Java\IdeaProjects\A2_Indexing\input\ap890712
   [echo] Executing batch write to the file system with index 45

   [echo] Indexing file E:\Home\Repository\Java\IdeaProjects\A2_Indexing\input\ap890713
   [echo] Indexing file E:\Home\Repository\Java\IdeaProjects\A2_Indexing\input\ap890714
   [echo] Indexing file E:\Home\Repository\Java\IdeaProjects\A2_Indexing\input\ap890715
   [echo] Indexing file E:\Home\Repository\Java\IdeaProjects\A2_Indexing\input\ap890716
   [echo] Executing batch write to the file system with index 46

   [echo] Indexing file E:\Home\Repository\Java\IdeaProjects\A2_Indexing\input\ap890717
   [echo] Indexing file E:\Home\Repository\Java\IdeaProjects\A2_Indexing\input\ap890718
   [echo] Indexing file E:\Home\Repository\Java\IdeaProjects\A2_Indexing\input\ap890719
   [echo] Indexing file E:\Home\Repository\Java\IdeaProjects\A2_Indexing\input\ap890720
   [echo] Executing batch write to the file system with index 47

   [echo] Indexing file E:\Home\Repository\Java\IdeaProjects\A2_Indexing\input\ap890721
   [echo] Indexing file E:\Home\Repository\Java\IdeaProjects\A2_Indexing\input\ap890722
   [echo] Indexing file E:\Home\Repository\Java\IdeaProjects\A2_Indexing\input\ap890723
   [echo] Indexing file E:\Home\Repository\Java\IdeaProjects\A2_Indexing\input\ap890724
   [echo] Indexing file E:\Home\Repository\Java\IdeaProjects\A2_Indexing\input\ap890725
   [echo] Executing batch write to the file system with index 48

   [echo] Indexing file E:\Home\Repository\Java\IdeaProjects\A2_Indexing\input\ap890726
   [echo] Indexing file E:\Home\Repository\Java\IdeaProjects\A2_Indexing\input\ap890727
   [echo] Indexing file E:\Home\Repository\Java\IdeaProjects\A2_Indexing\input\ap890728
   [echo] Executing batch write to the file system with index 49

   [echo] Indexing file E:\Home\Repository\Java\IdeaProjects\A2_Indexing\input\ap890729
   [echo] Indexing file E:\Home\Repository\Java\IdeaProjects\A2_Indexing\input\ap890730
   [echo] Indexing file E:\Home\Repository\Java\IdeaProjects\A2_Indexing\input\ap890731
   [echo] Indexing file E:\Home\Repository\Java\IdeaProjects\A2_Indexing\input\ap890801
   [echo] Executing batch write to the file system with index 50

   [echo] Indexing file E:\Home\Repository\Java\IdeaProjects\A2_Indexing\input\ap890802
   [echo] Indexing file E:\Home\Repository\Java\IdeaProjects\A2_Indexing\input\ap890803
   [echo] Indexing file E:\Home\Repository\Java\IdeaProjects\A2_Indexing\input\ap890804
   [echo] Indexing file E:\Home\Repository\Java\IdeaProjects\A2_Indexing\input\ap890805
   [echo] Indexing file E:\Home\Repository\Java\IdeaProjects\A2_Indexing\input\ap890806
   [echo] Executing batch write to the file system with index 51

   [echo] Indexing file E:\Home\Repository\Java\IdeaProjects\A2_Indexing\input\ap890807
   [echo] Indexing file E:\Home\Repository\Java\IdeaProjects\A2_Indexing\input\ap890808
   [echo] Indexing file E:\Home\Repository\Java\IdeaProjects\A2_Indexing\input\ap890809
   [echo] Indexing file E:\Home\Repository\Java\IdeaProjects\A2_Indexing\input\ap890810
   [echo] Executing batch write to the file system with index 52

   [echo] Indexing file E:\Home\Repository\Java\IdeaProjects\A2_Indexing\input\ap890811
   [echo] Indexing file E:\Home\Repository\Java\IdeaProjects\A2_Indexing\input\ap890812
   [echo] Indexing file E:\Home\Repository\Java\IdeaProjects\A2_Indexing\input\ap890813
   [echo] Indexing file E:\Home\Repository\Java\IdeaProjects\A2_Indexing\input\ap890814
   [echo] Indexing file E:\Home\Repository\Java\IdeaProjects\A2_Indexing\input\ap890815
   [echo] Executing batch write to the file system with index 53

   [echo] Indexing file E:\Home\Repository\Java\IdeaProjects\A2_Indexing\input\ap890816
   [echo] Indexing file E:\Home\Repository\Java\IdeaProjects\A2_Indexing\input\ap890817
   [echo] Indexing file E:\Home\Repository\Java\IdeaProjects\A2_Indexing\input\ap890818
   [echo] Indexing file E:\Home\Repository\Java\IdeaProjects\A2_Indexing\input\ap890819
   [echo] Indexing file E:\Home\Repository\Java\IdeaProjects\A2_Indexing\input\ap890820
   [echo] Executing batch write to the file system with index 54

   [echo] Indexing file E:\Home\Repository\Java\IdeaProjects\A2_Indexing\input\ap890821
   [echo] Indexing file E:\Home\Repository\Java\IdeaProjects\A2_Indexing\input\ap890822
   [echo] Indexing file E:\Home\Repository\Java\IdeaProjects\A2_Indexing\input\ap890823
   [echo] Indexing file E:\Home\Repository\Java\IdeaProjects\A2_Indexing\input\ap890824
   [echo] Executing batch write to the file system with index 55

   [echo] Indexing file E:\Home\Repository\Java\IdeaProjects\A2_Indexing\input\ap890825
   [echo] Indexing file E:\Home\Repository\Java\IdeaProjects\A2_Indexing\input\ap890826
   [echo] Indexing file E:\Home\Repository\Java\IdeaProjects\A2_Indexing\input\ap890827
   [echo] Indexing file E:\Home\Repository\Java\IdeaProjects\A2_Indexing\input\ap890828
   [echo] Indexing file E:\Home\Repository\Java\IdeaProjects\A2_Indexing\input\ap890829
   [echo] Executing batch write to the file system with index 56

   [echo] Indexing file E:\Home\Repository\Java\IdeaProjects\A2_Indexing\input\ap890830
   [echo] Indexing file E:\Home\Repository\Java\IdeaProjects\A2_Indexing\input\ap890831
   [echo] Indexing file E:\Home\Repository\Java\IdeaProjects\A2_Indexing\input\ap890901
   [echo] Indexing file E:\Home\Repository\Java\IdeaProjects\A2_Indexing\input\ap890902
   [echo] Executing batch write to the file system with index 57

   [echo] Indexing file E:\Home\Repository\Java\IdeaProjects\A2_Indexing\input\ap890903
   [echo] Indexing file E:\Home\Repository\Java\IdeaProjects\A2_Indexing\input\ap890904
   [echo] Indexing file E:\Home\Repository\Java\IdeaProjects\A2_Indexing\input\ap890905
   [echo] Indexing file E:\Home\Repository\Java\IdeaProjects\A2_Indexing\input\ap890906
   [echo] Indexing file E:\Home\Repository\Java\IdeaProjects\A2_Indexing\input\ap890907
   [echo] Executing batch write to the file system with index 58

   [echo] Indexing file E:\Home\Repository\Java\IdeaProjects\A2_Indexing\input\ap890908
   [echo] Indexing file E:\Home\Repository\Java\IdeaProjects\A2_Indexing\input\ap890909
   [echo] Indexing file E:\Home\Repository\Java\IdeaProjects\A2_Indexing\input\ap890910
   [echo] Indexing file E:\Home\Repository\Java\IdeaProjects\A2_Indexing\input\ap890911
   [echo] Indexing file E:\Home\Repository\Java\IdeaProjects\A2_Indexing\input\ap890912
   [echo] Executing batch write to the file system with index 59

   [echo] Indexing file E:\Home\Repository\Java\IdeaProjects\A2_Indexing\input\ap890913
   [echo] Indexing file E:\Home\Repository\Java\IdeaProjects\A2_Indexing\input\ap890914
   [echo] Indexing file E:\Home\Repository\Java\IdeaProjects\A2_Indexing\input\ap890915
   [echo] Executing batch write to the file system with index 60

   [echo] Indexing file E:\Home\Repository\Java\IdeaProjects\A2_Indexing\input\ap890916
   [echo] Indexing file E:\Home\Repository\Java\IdeaProjects\A2_Indexing\input\ap890917
   [echo] Indexing file E:\Home\Repository\Java\IdeaProjects\A2_Indexing\input\ap890918
   [echo] Indexing file E:\Home\Repository\Java\IdeaProjects\A2_Indexing\input\ap890919
   [echo] Indexing file E:\Home\Repository\Java\IdeaProjects\A2_Indexing\input\ap890920
   [echo] Executing batch write to the file system with index 61

   [echo] Indexing file E:\Home\Repository\Java\IdeaProjects\A2_Indexing\input\ap890921
   [echo] Indexing file E:\Home\Repository\Java\IdeaProjects\A2_Indexing\input\ap890922
   [echo] Indexing file E:\Home\Repository\Java\IdeaProjects\A2_Indexing\input\ap890923
   [echo] Indexing file E:\Home\Repository\Java\IdeaProjects\A2_Indexing\input\ap890924
   [echo] Executing batch write to the file system with index 62

   [echo] Indexing file E:\Home\Repository\Java\IdeaProjects\A2_Indexing\input\ap890925
   [echo] Indexing file E:\Home\Repository\Java\IdeaProjects\A2_Indexing\input\ap890926
   [echo] Indexing file E:\Home\Repository\Java\IdeaProjects\A2_Indexing\input\ap890927
   [echo] Indexing file E:\Home\Repository\Java\IdeaProjects\A2_Indexing\input\ap890928
   [echo] Executing batch write to the file system with index 63

   [echo] Indexing file E:\Home\Repository\Java\IdeaProjects\A2_Indexing\input\ap890929
   [echo] Indexing file E:\Home\Repository\Java\IdeaProjects\A2_Indexing\input\ap890930
   [echo] Indexing file E:\Home\Repository\Java\IdeaProjects\A2_Indexing\input\ap891001
   [echo] Indexing file E:\Home\Repository\Java\IdeaProjects\A2_Indexing\input\ap891002
   [echo] Executing batch write to the file system with index 64

   [echo] Indexing file E:\Home\Repository\Java\IdeaProjects\A2_Indexing\input\ap891003
   [echo] Indexing file E:\Home\Repository\Java\IdeaProjects\A2_Indexing\input\ap891004
   [echo] Indexing file E:\Home\Repository\Java\IdeaProjects\A2_Indexing\input\ap891005
   [echo] Indexing file E:\Home\Repository\Java\IdeaProjects\A2_Indexing\input\ap891006
   [echo] Executing batch write to the file system with index 65

   [echo] Indexing file E:\Home\Repository\Java\IdeaProjects\A2_Indexing\input\ap891007
   [echo] Indexing file E:\Home\Repository\Java\IdeaProjects\A2_Indexing\input\ap891008
   [echo] Indexing file E:\Home\Repository\Java\IdeaProjects\A2_Indexing\input\ap891009
   [echo] Indexing file E:\Home\Repository\Java\IdeaProjects\A2_Indexing\input\ap891010
   [echo] Indexing file E:\Home\Repository\Java\IdeaProjects\A2_Indexing\input\ap891011
   [echo] Executing batch write to the file system with index 66

   [echo] Indexing file E:\Home\Repository\Java\IdeaProjects\A2_Indexing\input\ap891012
   [echo] Indexing file E:\Home\Repository\Java\IdeaProjects\A2_Indexing\input\ap891013
   [echo] Indexing file E:\Home\Repository\Java\IdeaProjects\A2_Indexing\input\ap891014
   [echo] Indexing file E:\Home\Repository\Java\IdeaProjects\A2_Indexing\input\ap891015
   [echo] Executing batch write to the file system with index 67

   [echo] Indexing file E:\Home\Repository\Java\IdeaProjects\A2_Indexing\input\ap891016
   [echo] Indexing file E:\Home\Repository\Java\IdeaProjects\A2_Indexing\input\ap891017
   [echo] Indexing file E:\Home\Repository\Java\IdeaProjects\A2_Indexing\input\ap891018
   [echo] Indexing file E:\Home\Repository\Java\IdeaProjects\A2_Indexing\input\ap891019
   [echo] Executing batch write to the file system with index 68

   [echo] Indexing file E:\Home\Repository\Java\IdeaProjects\A2_Indexing\input\ap891020
   [echo] Indexing file E:\Home\Repository\Java\IdeaProjects\A2_Indexing\input\ap891021
   [echo] Indexing file E:\Home\Repository\Java\IdeaProjects\A2_Indexing\input\ap891022
   [echo] Indexing file E:\Home\Repository\Java\IdeaProjects\A2_Indexing\input\ap891023
   [echo] Executing batch write to the file system with index 69

   [echo] Indexing file E:\Home\Repository\Java\IdeaProjects\A2_Indexing\input\ap891024
   [echo] Indexing file E:\Home\Repository\Java\IdeaProjects\A2_Indexing\input\ap891025
   [echo] Indexing file E:\Home\Repository\Java\IdeaProjects\A2_Indexing\input\ap891026
   [echo] Executing batch write to the file system with index 70

   [echo] Indexing file E:\Home\Repository\Java\IdeaProjects\A2_Indexing\input\ap891027
   [echo] Indexing file E:\Home\Repository\Java\IdeaProjects\A2_Indexing\input\ap891028
   [echo] Indexing file E:\Home\Repository\Java\IdeaProjects\A2_Indexing\input\ap891029
   [echo] Indexing file E:\Home\Repository\Java\IdeaProjects\A2_Indexing\input\ap891030
   [echo] Indexing file E:\Home\Repository\Java\IdeaProjects\A2_Indexing\input\ap891031
   [echo] Executing batch write to the file system with index 71

   [echo] Indexing file E:\Home\Repository\Java\IdeaProjects\A2_Indexing\input\ap891101
   [echo] Indexing file E:\Home\Repository\Java\IdeaProjects\A2_Indexing\input\ap891102
   [echo] Indexing file E:\Home\Repository\Java\IdeaProjects\A2_Indexing\input\ap891103
   [echo] Executing batch write to the file system with index 72

   [echo] Indexing file E:\Home\Repository\Java\IdeaProjects\A2_Indexing\input\ap891104
   [echo] Indexing file E:\Home\Repository\Java\IdeaProjects\A2_Indexing\input\ap891105
   [echo] Indexing file E:\Home\Repository\Java\IdeaProjects\A2_Indexing\input\ap891106
   [echo] Indexing file E:\Home\Repository\Java\IdeaProjects\A2_Indexing\input\ap891107
   [echo] Indexing file E:\Home\Repository\Java\IdeaProjects\A2_Indexing\input\ap891108
   [echo] Executing batch write to the file system with index 73

   [echo] Indexing file E:\Home\Repository\Java\IdeaProjects\A2_Indexing\input\ap891109
   [echo] Indexing file E:\Home\Repository\Java\IdeaProjects\A2_Indexing\input\ap891110
   [echo] Indexing file E:\Home\Repository\Java\IdeaProjects\A2_Indexing\input\ap891111
   [echo] Executing batch write to the file system with index 74

   [echo] Indexing file E:\Home\Repository\Java\IdeaProjects\A2_Indexing\input\ap891112
   [echo] Indexing file E:\Home\Repository\Java\IdeaProjects\A2_Indexing\input\ap891113
   [echo] Indexing file E:\Home\Repository\Java\IdeaProjects\A2_Indexing\input\ap891114
   [echo] Indexing file E:\Home\Repository\Java\IdeaProjects\A2_Indexing\input\ap891115
   [echo] Indexing file E:\Home\Repository\Java\IdeaProjects\A2_Indexing\input\ap891116
   [echo] Executing batch write to the file system with index 75

   [echo] Indexing file E:\Home\Repository\Java\IdeaProjects\A2_Indexing\input\ap891117
   [echo] Indexing file E:\Home\Repository\Java\IdeaProjects\A2_Indexing\input\ap891118
   [echo] Indexing file E:\Home\Repository\Java\IdeaProjects\A2_Indexing\input\ap891119
   [echo] Indexing file E:\Home\Repository\Java\IdeaProjects\A2_Indexing\input\ap891120
   [echo] Indexing file E:\Home\Repository\Java\IdeaProjects\A2_Indexing\input\ap891121
   [echo] Executing batch write to the file system with index 76

   [echo] Indexing file E:\Home\Repository\Java\IdeaProjects\A2_Indexing\input\ap891122
   [echo] Indexing file E:\Home\Repository\Java\IdeaProjects\A2_Indexing\input\ap891123
   [echo] Indexing file E:\Home\Repository\Java\IdeaProjects\A2_Indexing\input\ap891124
   [echo] Indexing file E:\Home\Repository\Java\IdeaProjects\A2_Indexing\input\ap891125
   [echo] Executing batch write to the file system with index 77

   [echo] Indexing file E:\Home\Repository\Java\IdeaProjects\A2_Indexing\input\ap891126
   [echo] Indexing file E:\Home\Repository\Java\IdeaProjects\A2_Indexing\input\ap891127
   [echo] Indexing file E:\Home\Repository\Java\IdeaProjects\A2_Indexing\input\ap891128
   [echo] Indexing file E:\Home\Repository\Java\IdeaProjects\A2_Indexing\input\ap891129
   [echo] Executing batch write to the file system with index 78

   [echo] Indexing file E:\Home\Repository\Java\IdeaProjects\A2_Indexing\input\ap891130
   [echo] Indexing file E:\Home\Repository\Java\IdeaProjects\A2_Indexing\input\ap891201
   [echo] Indexing file E:\Home\Repository\Java\IdeaProjects\A2_Indexing\input\ap891202
   [echo] Indexing file E:\Home\Repository\Java\IdeaProjects\A2_Indexing\input\ap891203
   [echo] Indexing file E:\Home\Repository\Java\IdeaProjects\A2_Indexing\input\ap891204
   [echo] Indexing file E:\Home\Repository\Java\IdeaProjects\A2_Indexing\input\ap891205
   [echo] Executing batch write to the file system with index 79

   [echo] Indexing file E:\Home\Repository\Java\IdeaProjects\A2_Indexing\input\ap891206
   [echo] Indexing file E:\Home\Repository\Java\IdeaProjects\A2_Indexing\input\ap891207
   [echo] Indexing file E:\Home\Repository\Java\IdeaProjects\A2_Indexing\input\ap891208
   [echo] Indexing file E:\Home\Repository\Java\IdeaProjects\A2_Indexing\input\ap891209
   [echo] Executing batch write to the file system with index 80

   [echo] Indexing file E:\Home\Repository\Java\IdeaProjects\A2_Indexing\input\ap891210
   [echo] Indexing file E:\Home\Repository\Java\IdeaProjects\A2_Indexing\input\ap891211
   [echo] Indexing file E:\Home\Repository\Java\IdeaProjects\A2_Indexing\input\ap891212
   [echo] Indexing file E:\Home\Repository\Java\IdeaProjects\A2_Indexing\input\ap891213
   [echo] Executing batch write to the file system with index 81

   [echo] Indexing file E:\Home\Repository\Java\IdeaProjects\A2_Indexing\input\ap891214
   [echo] Indexing file E:\Home\Repository\Java\IdeaProjects\A2_Indexing\input\ap891215
   [echo] Indexing file E:\Home\Repository\Java\IdeaProjects\A2_Indexing\input\ap891216
   [echo] Indexing file E:\Home\Repository\Java\IdeaProjects\A2_Indexing\input\ap891217
   [echo] Indexing file E:\Home\Repository\Java\IdeaProjects\A2_Indexing\input\ap891218
   [echo] Executing batch write to the file system with index 82

   [echo] Indexing file E:\Home\Repository\Java\IdeaProjects\A2_Indexing\input\ap891219
   [echo] Indexing file E:\Home\Repository\Java\IdeaProjects\A2_Indexing\input\ap891220
   [echo] Indexing file E:\Home\Repository\Java\IdeaProjects\A2_Indexing\input\ap891221
   [echo] Executing batch write to the file system with index 83

   [echo] Indexing file E:\Home\Repository\Java\IdeaProjects\A2_Indexing\input\ap891222
   [echo] Indexing file E:\Home\Repository\Java\IdeaProjects\A2_Indexing\input\ap891223
   [echo] Indexing file E:\Home\Repository\Java\IdeaProjects\A2_Indexing\input\ap891224
   [echo] Indexing file E:\Home\Repository\Java\IdeaProjects\A2_Indexing\input\ap891225
   [echo] Indexing file E:\Home\Repository\Java\IdeaProjects\A2_Indexing\input\ap891226
   [echo] Indexing file E:\Home\Repository\Java\IdeaProjects\A2_Indexing\input\ap891227
   [echo] Executing batch write to the file system with index 84

   [echo] Indexing file E:\Home\Repository\Java\IdeaProjects\A2_Indexing\input\ap891228
   [echo] Indexing file E:\Home\Repository\Java\IdeaProjects\A2_Indexing\input\ap891229
   [echo] Indexing file E:\Home\Repository\Java\IdeaProjects\A2_Indexing\input\ap891230
   [echo] Indexing file E:\Home\Repository\Java\IdeaProjects\A2_Indexing\input\ap891231
   [echo] Executing batch write to the file system with index 85

>Loading all the catalogues...
Completed.

>Unifying indices into a master index
   [echo] Passed term with ID 0
   [echo] Passed term with ID 1000
   [echo] Passed term with ID 2000
   [echo] Passed term with ID 3000
   [echo] Passed term with ID 4000
   [echo] Passed term with ID 5000
   [echo] Passed term with ID 6000
   [echo] Passed term with ID 7000
   [echo] Passed term with ID 8000
   [echo] Passed term with ID 9000
   [echo] Passed term with ID 10000
   [echo] Passed term with ID 11000
   [echo] Passed term with ID 12000
   [echo] Passed term with ID 13000
   [echo] Passed term with ID 14000
   [echo] Passed term with ID 15000
   [echo] Passed term with ID 16000
   [echo] Passed term with ID 17000
   [echo] Passed term with ID 18000
   [echo] Passed term with ID 19000
   [echo] Passed term with ID 20000
   [echo] Passed term with ID 21000
   [echo] Passed term with ID 22000
   [echo] Passed term with ID 23000
   [echo] Passed term with ID 24000
   [echo] Passed term with ID 25000
   [echo] Passed term with ID 26000
   [echo] Passed term with ID 27000
   [echo] Passed term with ID 28000
   [echo] Passed term with ID 29000
   [echo] Passed term with ID 30000
   [echo] Passed term with ID 31000
   [echo] Passed term with ID 32000
   [echo] Passed term with ID 33000
   [echo] Passed term with ID 34000
   [echo] Passed term with ID 35000
   [echo] Passed term with ID 36000
   [echo] Passed term with ID 37000
   [echo] Passed term with ID 38000
   [echo] Passed term with ID 39000
   [echo] Passed term with ID 40000
   [echo] Passed term with ID 41000
   [echo] Passed term with ID 42000
   [echo] Passed term with ID 43000
   [echo] Passed term with ID 44000
   [echo] Passed term with ID 45000
   [echo] Passed term with ID 46000
   [echo] Passed term with ID 47000
   [echo] Passed term with ID 48000
   [echo] Passed term with ID 49000
   [echo] Passed term with ID 50000
   [echo] Passed term with ID 51000
   [echo] Passed term with ID 52000
   [echo] Passed term with ID 53000
   [echo] Passed term with ID 54000
   [echo] Passed term with ID 55000
   [echo] Passed term with ID 56000
   [echo] Passed term with ID 57000
   [echo] Passed term with ID 58000
   [echo] Passed term with ID 59000
   [echo] Passed term with ID 60000
   [echo] Passed term with ID 61000
   [echo] Passed term with ID 62000
   [echo] Passed term with ID 63000
   [echo] Passed term with ID 64000
   [echo] Passed term with ID 65000
   [echo] Passed term with ID 66000
   [echo] Passed term with ID 67000
   [echo] Passed term with ID 68000
   [echo] Passed term with ID 69000
   [echo] Passed term with ID 70000
   [echo] Passed term with ID 71000
   [echo] Passed term with ID 72000
   [echo] Passed term with ID 73000
   [echo] Passed term with ID 74000
   [echo] Passed term with ID 75000
   [echo] Passed term with ID 76000
   [echo] Passed term with ID 77000
   [echo] Passed term with ID 78000
   [echo] Passed term with ID 79000
   [echo] Passed term with ID 80000
   [echo] Passed term with ID 81000
   [echo] Passed term with ID 82000
   [echo] Passed term with ID 83000
   [echo] Passed term with ID 84000
   [echo] Passed term with ID 85000
   [echo] Passed term with ID 86000
   [echo] Passed term with ID 87000
   [echo] Passed term with ID 88000
   [echo] Passed term with ID 89000
   [echo] Passed term with ID 90000
   [echo] Passed term with ID 91000
   [echo] Passed term with ID 92000
   [echo] Passed term with ID 93000
   [echo] Passed term with ID 94000
   [echo] Passed term with ID 95000
   [echo] Passed term with ID 96000
   [echo] Passed term with ID 97000
   [echo] Passed term with ID 98000
   [echo] Passed term with ID 99000
   [echo] Passed term with ID 100000
   [echo] Passed term with ID 101000
   [echo] Passed term with ID 102000
   [echo] Passed term with ID 103000
   [echo] Passed term with ID 104000
   [echo] Passed term with ID 105000
   [echo] Passed term with ID 106000
   [echo] Passed term with ID 107000
   [echo] Passed term with ID 108000
   [echo] Passed term with ID 109000
   [echo] Passed term with ID 110000
   [echo] Passed term with ID 111000
   [echo] Passed term with ID 112000
   [echo] Passed term with ID 113000
   [echo] Passed term with ID 114000
   [echo] Passed term with ID 115000
   [echo] Passed term with ID 116000
   [echo] Passed term with ID 117000
   [echo] Passed term with ID 118000
   [echo] Passed term with ID 119000
   [echo] Passed term with ID 120000
   [echo] Passed term with ID 121000
   [echo] Passed term with ID 122000
   [echo] Passed term with ID 123000
   [echo] Passed term with ID 124000
   [echo] Passed term with ID 125000
   [echo] Passed term with ID 126000
   [echo] Passed term with ID 127000
   [echo] Passed term with ID 128000
   [echo] Passed term with ID 129000
   [echo] Passed term with ID 130000
   [echo] Passed term with ID 131000
   [echo] Passed term with ID 132000
   [echo] Passed term with ID 133000
   [echo] Passed term with ID 134000
   [echo] Passed term with ID 135000
   [echo] Passed term with ID 136000
   [echo] Passed term with ID 137000
   [echo] Passed term with ID 138000
   [echo] Passed term with ID 139000
   [echo] Passed term with ID 140000
   [echo] Passed term with ID 141000
   [echo] Passed term with ID 142000
   [echo] Passed term with ID 143000
   [echo] Passed term with ID 144000
   [echo] Passed term with ID 145000
   [echo] Passed term with ID 146000
   [echo] Passed term with ID 147000
   [echo] Passed term with ID 148000
   [echo] Passed term with ID 149000
   [echo] Passed term with ID 150000
   [echo] Passed term with ID 151000
   [echo] Passed term with ID 152000
   [echo] Passed term with ID 153000
   [echo] Passed term with ID 154000
   [echo] Passed term with ID 155000
   [echo] Passed term with ID 156000
   [echo] Passed term with ID 157000
   [echo] Passed term with ID 158000

>Cleaning up
Creation of index completed.
Elapsed time: 329 second(s)