=========
TOKENIZER
=========
>Creation of tuples
   [echo] Processing file ap890101
   [echo] Processing file ap890102
   [echo] Processing file ap890103
   [echo] Processing file ap890104
   [echo] Processing file ap890105
   [echo] Processing file ap890106
   [echo] Processing file ap890107
   [echo] Processing file ap890108
   [echo] Processing file ap890109
   [echo] Processing file ap890110
   [echo] Processing file ap890111
   [echo] Processing file ap890112
   [echo] Processing file ap890113
   [echo] Processing file ap890114
   [echo] Processing file ap890115
   [echo] Processing file ap890116
   [echo] Processing file ap890117
   [echo] Processing file ap890118
   [echo] Processing file ap890119
   [echo] Processing file ap890120
   [echo] Processing file ap890121
   [echo] Processing file ap890122
   [echo] Processing file ap890123
   [echo] Processing file ap890124
   [echo] Processing file ap890125
   [echo] Processing file ap890126
   [echo] Processing file ap890127
   [echo] Processing file ap890128
   [echo] Processing file ap890129
   [echo] Processing file ap890130
   [echo] Processing file ap890131
   [echo] Processing file ap890201
   [echo] Processing file ap890202
   [echo] Processing file ap890203
   [echo] Processing file ap890204
   [echo] Processing file ap890205
   [echo] Processing file ap890206
   [echo] Processing file ap890207
   [echo] Processing file ap890208
   [echo] Processing file ap890209
   [echo] Processing file ap890210
   [echo] Processing file ap890211
   [echo] Processing file ap890212
   [echo] Processing file ap890213
   [echo] Processing file ap890214
   [echo] Processing file ap890215
   [echo] Processing file ap890216
   [echo] Processing file ap890217
   [echo] Processing file ap890218
   [echo] Processing file ap890219
   [echo] Processing file ap890220
   [echo] Processing file ap890221
   [echo] Processing file ap890222
   [echo] Processing file ap890223
   [echo] Processing file ap890224
   [echo] Processing file ap890225
   [echo] Processing file ap890226
   [echo] Processing file ap890227
   [echo] Processing file ap890228
   [echo] Processing file ap890301
   [echo] Processing file ap890302
   [echo] Processing file ap890303
   [echo] Processing file ap890304
   [echo] Processing file ap890305
   [echo] Processing file ap890306
   [echo] Processing file ap890307
   [echo] Processing file ap890308
   [echo] Processing file ap890309
   [echo] Processing file ap890310
   [echo] Processing file ap890311
   [echo] Processing file ap890312
   [echo] Processing file ap890313
   [echo] Processing file ap890314
   [echo] Processing file ap890315
   [echo] Processing file ap890316
   [echo] Processing file ap890317
   [echo] Processing file ap890318
   [echo] Processing file ap890319
   [echo] Processing file ap890320
   [echo] Processing file ap890321
   [echo] Processing file ap890322
   [echo] Processing file ap890323
   [echo] Processing file ap890324
   [echo] Processing file ap890325
   [echo] Processing file ap890326
   [echo] Processing file ap890327
   [echo] Processing file ap890328
   [echo] Processing file ap890329
   [echo] Processing file ap890330
   [echo] Processing file ap890401
   [echo] Processing file ap890402
   [echo] Processing file ap890403
   [echo] Processing file ap890404
   [echo] Processing file ap890405
   [echo] Processing file ap890406
   [echo] Processing file ap890407
   [echo] Processing file ap890408
   [echo] Processing file ap890409
   [echo] Processing file ap890410
   [echo] Processing file ap890411
   [echo] Processing file ap890412
   [echo] Processing file ap890413
   [echo] Processing file ap890414
   [echo] Processing file ap890415
   [echo] Processing file ap890416
   [echo] Processing file ap890417
   [echo] Processing file ap890418
   [echo] Processing file ap890419
   [echo] Processing file ap890420
   [echo] Processing file ap890421
   [echo] Processing file ap890422
   [echo] Processing file ap890423
   [echo] Processing file ap890424
   [echo] Processing file ap890425
   [echo] Processing file ap890426
   [echo] Processing file ap890427
   [echo] Processing file ap890428
   [echo] Processing file ap890429
   [echo] Processing file ap890430
   [echo] Processing file ap890501
   [echo] Processing file ap890502
   [echo] Processing file ap890503
   [echo] Processing file ap890504
   [echo] Processing file ap890505
   [echo] Processing file ap890506
   [echo] Processing file ap890507
   [echo] Processing file ap890508
   [echo] Processing file ap890509
   [echo] Processing file ap890510
   [echo] Processing file ap890511
   [echo] Processing file ap890512
   [echo] Processing file ap890513
   [echo] Processing file ap890514
   [echo] Processing file ap890515
   [echo] Processing file ap890516
   [echo] Processing file ap890517
   [echo] Processing file ap890518
   [echo] Processing file ap890519
   [echo] Processing file ap890520
   [echo] Processing file ap890521
   [echo] Processing file ap890522
   [echo] Processing file ap890523
   [echo] Processing file ap890524
   [echo] Processing file ap890525
   [echo] Processing file ap890526
   [echo] Processing file ap890527
   [echo] Processing file ap890528
   [echo] Processing file ap890529
   [echo] Processing file ap890530
   [echo] Processing file ap890531
   [echo] Processing file ap890601
   [echo] Processing file ap890602
   [echo] Processing file ap890603
   [echo] Processing file ap890604
   [echo] Processing file ap890605
   [echo] Processing file ap890606
   [echo] Processing file ap890607
   [echo] Processing file ap890608
   [echo] Processing file ap890609
   [echo] Processing file ap890610
   [echo] Processing file ap890611
   [echo] Processing file ap890612
   [echo] Processing file ap890613
   [echo] Processing file ap890614
   [echo] Processing file ap890615
   [echo] Processing file ap890616
   [echo] Processing file ap890617
   [echo] Processing file ap890618
   [echo] Processing file ap890619
   [echo] Processing file ap890620
   [echo] Processing file ap890621
   [echo] Processing file ap890622
   [echo] Processing file ap890623
   [echo] Processing file ap890624
   [echo] Processing file ap890625
   [echo] Processing file ap890626
   [echo] Processing file ap890627
   [echo] Processing file ap890628
   [echo] Processing file ap890629
   [echo] Processing file ap890630
   [echo] Processing file ap890701
   [echo] Processing file ap890702
   [echo] Processing file ap890703
   [echo] Processing file ap890704
   [echo] Processing file ap890705
   [echo] Processing file ap890706
   [echo] Processing file ap890707
   [echo] Processing file ap890708
   [echo] Processing file ap890709
   [echo] Processing file ap890710
   [echo] Processing file ap890711
   [echo] Processing file ap890712
   [echo] Processing file ap890713
   [echo] Processing file ap890714
   [echo] Processing file ap890715
   [echo] Processing file ap890716
   [echo] Processing file ap890717
   [echo] Processing file ap890718
   [echo] Processing file ap890719
   [echo] Processing file ap890720
   [echo] Processing file ap890721
   [echo] Processing file ap890722
   [echo] Processing file ap890723
   [echo] Processing file ap890724
   [echo] Processing file ap890725
   [echo] Processing file ap890726
   [echo] Processing file ap890727
   [echo] Processing file ap890728
   [echo] Processing file ap890729
   [echo] Processing file ap890730
   [echo] Processing file ap890731
   [echo] Processing file ap890801
   [echo] Processing file ap890802
   [echo] Processing file ap890803
   [echo] Processing file ap890804
   [echo] Processing file ap890805
   [echo] Processing file ap890806
   [echo] Processing file ap890807
   [echo] Processing file ap890808
   [echo] Processing file ap890809
   [echo] Processing file ap890810
   [echo] Processing file ap890811
   [echo] Processing file ap890812
   [echo] Processing file ap890813
   [echo] Processing file ap890814
   [echo] Processing file ap890815
   [echo] Processing file ap890816
   [echo] Processing file ap890817
   [echo] Processing file ap890818
   [echo] Processing file ap890819
   [echo] Processing file ap890820
   [echo] Processing file ap890821
   [echo] Processing file ap890822
   [echo] Processing file ap890823
   [echo] Processing file ap890824
   [echo] Processing file ap890825
   [echo] Processing file ap890826
   [echo] Processing file ap890827
   [echo] Processing file ap890828
   [echo] Processing file ap890829
   [echo] Processing file ap890830
   [echo] Processing file ap890831
   [echo] Processing file ap890901
   [echo] Processing file ap890902
   [echo] Processing file ap890903
   [echo] Processing file ap890904
   [echo] Processing file ap890905
   [echo] Processing file ap890906
   [echo] Processing file ap890907
   [echo] Processing file ap890908
   [echo] Processing file ap890909
   [echo] Processing file ap890910
   [echo] Processing file ap890911
   [echo] Processing file ap890912
   [echo] Processing file ap890913
   [echo] Processing file ap890914
   [echo] Processing file ap890915
   [echo] Processing file ap890916
   [echo] Processing file ap890917
   [echo] Processing file ap890918
   [echo] Processing file ap890919
   [echo] Processing file ap890920
   [echo] Processing file ap890921
   [echo] Processing file ap890922
   [echo] Processing file ap890923
   [echo] Processing file ap890924
   [echo] Processing file ap890925
   [echo] Processing file ap890926
   [echo] Processing file ap890927
   [echo] Processing file ap890928
   [echo] Processing file ap890929
   [echo] Processing file ap890930
   [echo] Processing file ap891001
   [echo] Processing file ap891002
   [echo] Processing file ap891003
   [echo] Processing file ap891004
   [echo] Processing file ap891005
   [echo] Processing file ap891006
   [echo] Processing file ap891007
   [echo] Processing file ap891008
   [echo] Processing file ap891009
   [echo] Processing file ap891010
   [echo] Processing file ap891011
   [echo] Processing file ap891012
   [echo] Processing file ap891013
   [echo] Processing file ap891014
   [echo] Processing file ap891015
   [echo] Processing file ap891016
   [echo] Processing file ap891017
   [echo] Processing file ap891018
   [echo] Processing file ap891019
   [echo] Processing file ap891020
   [echo] Processing file ap891021
   [echo] Processing file ap891022
   [echo] Processing file ap891023
   [echo] Processing file ap891024
   [echo] Processing file ap891025
   [echo] Processing file ap891026
   [echo] Processing file ap891027
   [echo] Processing file ap891028
   [echo] Processing file ap891029
   [echo] Processing file ap891030
   [echo] Processing file ap891031
   [echo] Processing file ap891101
   [echo] Processing file ap891102
   [echo] Processing file ap891103
   [echo] Processing file ap891104
   [echo] Processing file ap891105
   [echo] Processing file ap891106
   [echo] Processing file ap891107
   [echo] Processing file ap891108
   [echo] Processing file ap891109
   [echo] Processing file ap891110
   [echo] Processing file ap891111
   [echo] Processing file ap891112
   [echo] Processing file ap891113
   [echo] Processing file ap891114
   [echo] Processing file ap891115
   [echo] Processing file ap891116
   [echo] Processing file ap891117
   [echo] Processing file ap891118
   [echo] Processing file ap891119
   [echo] Processing file ap891120
   [echo] Processing file ap891121
   [echo] Processing file ap891122
   [echo] Processing file ap891123
   [echo] Processing file ap891124
   [echo] Processing file ap891125
   [echo] Processing file ap891126
   [echo] Processing file ap891127
   [echo] Processing file ap891128
   [echo] Processing file ap891129
   [echo] Processing file ap891130
   [echo] Processing file ap891201
   [echo] Processing file ap891202
   [echo] Processing file ap891203
   [echo] Processing file ap891204
   [echo] Processing file ap891205
   [echo] Processing file ap891206
   [echo] Processing file ap891207
   [echo] Processing file ap891208
   [echo] Processing file ap891209
   [echo] Processing file ap891210
   [echo] Processing file ap891211
   [echo] Processing file ap891212
   [echo] Processing file ap891213
   [echo] Processing file ap891214
   [echo] Processing file ap891215
   [echo] Processing file ap891216
   [echo] Processing file ap891217
   [echo] Processing file ap891218
   [echo] Processing file ap891219
   [echo] Processing file ap891220
   [echo] Processing file ap891221
   [echo] Processing file ap891222
   [echo] Processing file ap891223
   [echo] Processing file ap891224
   [echo] Processing file ap891225
   [echo] Processing file ap891226
   [echo] Processing file ap891227
   [echo] Processing file ap891228
   [echo] Processing file ap891229
   [echo] Processing file ap891230
   [echo] Processing file ap891231

>Sorting the tuples
>Writing all the objects to the file system

>Corpus statistics
Documents in corpus: 84678
Vocabulary size: 158039
Total length of all documents: 20975114
Average document length: 247

Creation of tokens completed.
Elapsed time: 96 second(s)