======
TF-IDF
======

Queryid (Num):       25
Total number of documents over all queries
    Retrieved:    25000
    Relevant:      1832
    Rel_ret:       1046
Interpolated Recall - Precision Averages:
    at 0.00       0.5528
    at 0.10       0.4017
    at 0.20       0.3033
    at 0.30       0.2642
    at 0.40       0.2245
    at 0.50       0.1791
    at 0.60       0.1445
    at 0.70       0.1188
    at 0.80       0.0795
    at 0.90       0.0502
    at 1.00       0.0072
Average precision (non-interpolated) for all rel docs(averaged over queries)
                  0.1944
Precision:
  At    5 docs:   0.2960
  At   10 docs:   0.2760
  At   15 docs:   0.2800
  At   20 docs:   0.2760
  At   30 docs:   0.2640
  At  100 docs:   0.1728
  At  200 docs:   0.1218
  At  500 docs:   0.0704
  At 1000 docs:   0.0418
R-Precision (precision after R (= num_rel for a query) docs retrieved):
    Exact:        0.2139

==========
OKAPI BM25
==========

Queryid (Num):       25
Total number of documents over all queries
    Retrieved:    25000
    Relevant:      1832
    Rel_ret:       1004
Interpolated Recall - Precision Averages:
    at 0.00       0.6120
    at 0.10       0.3974
    at 0.20       0.2901
    at 0.30       0.2524
    at 0.40       0.2091
    at 0.50       0.1820
    at 0.60       0.1415
    at 0.70       0.1221
    at 0.80       0.0840
    at 0.90       0.0538
    at 1.00       0.0163
Average precision (non-interpolated) for all rel docs(averaged over queries)
                  0.1955
Precision:
  At    5 docs:   0.2960
  At   10 docs:   0.2800
  At   15 docs:   0.2667
  At   20 docs:   0.2560
  At   30 docs:   0.2493
  At  100 docs:   0.1716
  At  200 docs:   0.1234
  At  500 docs:   0.0691
  At 1000 docs:   0.0402
R-Precision (precision after R (= num_rel for a query) docs retrieved):
    Exact:        0.2185

============================
UNIGRAM LM WITH JM SMOOTHING
============================

Queryid (Num):       25
Total number of documents over all queries
    Retrieved:    25000
    Relevant:      1832
    Rel_ret:        977
Interpolated Recall - Precision Averages:
    at 0.00       0.5080
    at 0.10       0.3876
    at 0.20       0.2612
    at 0.30       0.2308
    at 0.40       0.1778
    at 0.50       0.1414
    at 0.60       0.1208
    at 0.70       0.0991
    at 0.80       0.0802
    at 0.90       0.0558
    at 1.00       0.0135
Average precision (non-interpolated) for all rel docs(averaged over queries)
                  0.1728
Precision:
  At    5 docs:   0.3120
  At   10 docs:   0.2600
  At   15 docs:   0.2400
  At   20 docs:   0.2440
  At   30 docs:   0.2200
  At  100 docs:   0.1572
  At  200 docs:   0.1108
  At  500 docs:   0.0646
  At 1000 docs:   0.0391
R-Precision (precision after R (= num_rel for a query) docs retrieved):
    Exact:        0.1889

================
PROXIMITY SEARCH
================

Queryid (Num):       25
Total number of documents over all queries
    Retrieved:    25000
    Relevant:      1832
    Rel_ret:        854
Interpolated Recall - Precision Averages:
    at 0.00       0.4218
    at 0.10       0.2839
    at 0.20       0.2024
    at 0.30       0.1570
    at 0.40       0.1174
    at 0.50       0.1068
    at 0.60       0.0935
    at 0.70       0.0857
    at 0.80       0.0692
    at 0.90       0.0547
    at 1.00       0.0054
Average precision (non-interpolated) for all rel docs(averaged over queries)
                  0.1291
Precision:
  At    5 docs:   0.2080
  At   10 docs:   0.2080
  At   15 docs:   0.1840
  At   20 docs:   0.1900
  At   30 docs:   0.1800
  At  100 docs:   0.1348
  At  200 docs:   0.1050
  At  500 docs:   0.0566
  At 1000 docs:   0.0342
R-Precision (precision after R (= num_rel for a query) docs retrieved):
    Exact:        0.1739